<?xml version="1.0" encoding="UTF-8"?>
<testng-results ignored="0" total="1" passed="1" failed="0" skipped="0">
  <reporter-output>
  </reporter-output>
  <suite started-at="2020-11-09T16:07:43 CST" name="Default suite" finished-at="2020-11-09T16:08:12 CST" duration-ms="29030">
    <groups>
      <group name="cucumber">
        <method signature="AbstractTestNGCucumberTests.feature(cucumber.api.testng.CucumberFeatureWrapper)[pri:0, instance:hsbcRunTest@1e802ef9]" name="feature" class="cucumber.api.testng.AbstractTestNGCucumberTests"/>
      </group> <!-- cucumber -->
    </groups>
    <test started-at="2020-11-09T16:07:43 CST" name="Default test" finished-at="2020-11-09T16:08:12 CST" duration-ms="29030">
      <class name="hsbcRunTest">
        <test-method is-config="true" signature="setUpClass()[pri:0, instance:hsbcRunTest@1e802ef9]" started-at="2020-11-09T16:07:43 CST" name="setUpClass" finished-at="2020-11-09T16:07:43 CST" duration-ms="240" status="PASS">
          <reporter-output>
          </reporter-output>
        </test-method> <!-- setUpClass -->
        <test-method signature="feature(cucumber.api.testng.CucumberFeatureWrapper)[pri:0, instance:hsbcRunTest@1e802ef9]" started-at="2020-11-09T16:07:43 CST" name="feature" description="Runs Cucumber Feature" data-provider="features" finished-at="2020-11-09T16:08:12 CST" duration-ms="28658" status="PASS">
          <params>
            <param index="0">
              <value>
                <![CDATA[HSBC products and options]]>
              </value>
            </param>
          </params>
          <reporter-output>
          </reporter-output>
        </test-method> <!-- feature -->
        <test-method is-config="true" signature="tearDownClass()[pri:0, instance:hsbcRunTest@1e802ef9]" started-at="2020-11-09T16:08:12 CST" name="tearDownClass" finished-at="2020-11-09T16:08:12 CST" duration-ms="11" status="PASS">
          <reporter-output>
          </reporter-output>
        </test-method> <!-- tearDownClass -->
      </class> <!-- hsbcRunTest -->
    </test> <!-- Default test -->
  </suite> <!-- Default suite -->
</testng-results>
